<?xml version='1.0' encoding='UTF-8'?>
<testsuite hostname="Edgars-MacBook-Pro.local" name="de.htwg.model.PieceTest" tests="2" errors="0" failures="0" skipped="0" time="0.02" timestamp="2025-10-24T12:48:01">
          <properties>
[...]
</properties>
          <testcase classname="de.htwg.model.PieceTest" name="Regular and King pieces store correct color state" time="0.016">
                      
                    </testcase><testcase classname="de.htwg.model.PieceTest" name="Empty is a singleton and equals only itself" time="0.004">
                      
                    </testcase>
          <system-out><![CDATA[]]></system-out>
          <system-err><![CDATA[]]></system-err>
        </testsuite>